../../scripts/verify_rag_flow.py:8: error: Library stubs not installed for "requests"  [import-untyped]
../../scripts/verify_rag_flow.py:8: note: Hint: "python3 -m pip install types-requests"
../../scripts/verify_rag_flow.py:8: note: (or run "mypy --install-types" to install all missing stub packages)
../../scripts/verify_rag_flow.py:8: note: See https://mypy.readthedocs.io/en/stable/running_mypy.html#missing-imports
../../scripts/verify_rag_flow.py:160: error: Function is missing a return type annotation  [no-untyped-def]
../../scripts/verify_rag_flow.py:160: note: Use "-> None" if function does not return a value
../../scripts/verify_rag_flow.py:179: error: Call to untyped function "main" in typed context  [no-untyped-call]
src/verify_tools.py:6: error: Function is missing a return type annotation  [no-untyped-def]
src/verify_tools.py:6: note: Use "-> None" if function does not return a value
src/verify_tools.py:21: error: Call to untyped function "main" in typed context  [no-untyped-call]
src/core/tools/web_search.py:47: error: Argument "params" to "get" of "AsyncClient" has incompatible type "dict[str, object]"; expected "QueryParams | Mapping[str, str | int | float | bool | None | Sequence[str | int | float | bool | None]] | list[tuple[str, str | int | float | bool | None]] | tuple[tuple[str, str | int | float | bool | None], ...] | str | bytes | None"  [arg-type]
src/manual_test.py:6: error: Function is missing a return type annotation  [no-untyped-def]
src/manual_test.py:6: note: Use "-> None" if function does not return a value
src/manual_test.py:21: error: Call to untyped function "main" in typed context  [no-untyped-call]
src/check_qdrant_api.py:6: error: Function is missing a return type annotation  [no-untyped-def]
src/check_qdrant_api.py:6: note: Use "-> None" if function does not return a value
src/check_qdrant_api.py:22: error: Call to untyped function "main" in typed context  [no-untyped-call]
src/core/core/memory.py:65: error: Unused "type: ignore" comment  [unused-ignore]
src/core/agents/planner.py:26: error: Missing return statement  [return]
src/core/agents/planner.py:128: error: Need type annotation for "history_augmentation" (hint: "history_augmentation: list[<type>] = ...")  [var-annotated]
Found 13 errors in 7 files (checked 64 source files)
